<?xml version="1.0" encoding="UTF-8"?>
<!-- Generated by org.testng.reporters.JUnitXMLReporter -->
<testsuite hostname="DESKTOP-2ASADG1" ignored="2" name="Default test(failed)(failed)" tests="1" failures="1" timestamp="23 Oct 2021 09:48:21 GMT" time="0.025" errors="0">
  <testcase name="tc2" time="0.01" classname="org.Rerun.TestngRerun">
    <failure type="java.lang.AssertionError" message="expected [true] but found [false]">
      <![CDATA[java.lang.AssertionError: expected [true] but found [false]
	at org.Rerun.TestngRerun.tc2(TestngRerun.java:14)
... Removed 29 stack frames]]>
    </failure>
  </testcase> <!-- tc2 -->
  <testcase name="tc1" time="0.0" classname="org.Rerun.TestngRerun">
    <ignored/>
  </testcase> <!-- tc1 -->
  <testcase name="tc3" time="0.0" classname="org.Rerun.TestngRerun">
    <ignored/>
  </testcase> <!-- tc3 -->
</testsuite> <!-- Default test(failed)(failed) -->
