<?xml version="1.0" encoding="UTF-8"?>
<testng-results skipped="0" failed="1" ignored="1" total="20" passed="18">
  <reporter-output>
  </reporter-output>
  <suite name="Command line suite" duration-ms="58651" started-at="2022-02-05T12:22:52Z" finished-at="2022-02-05T12:23:50Z">
    <groups>
    </groups>
    <test name="Command line test" duration-ms="58651" started-at="2022-02-05T12:22:52Z" finished-at="2022-02-05T12:23:50Z">
      <class name="org.testng.Testng3">
        <test-method status="PASS" signature="test9()[pri:0, instance:org.testng.Testng3@9f70c54]" name="test9" duration-ms="0" started-at="2022-02-05T12:22:52Z" finished-at="2022-02-05T12:22:52Z">
          <reporter-output>
          </reporter-output>
        </test-method> <!-- test9 -->
        <test-method status="PASS" signature="test8()[pri:0, instance:org.testng.Testng3@9f70c54]" name="test8" duration-ms="0" started-at="2022-02-05T12:22:52Z" finished-at="2022-02-05T12:22:52Z">
          <reporter-output>
          </reporter-output>
        </test-method> <!-- test8 -->
        <test-method status="PASS" signature="test7()[pri:0, instance:org.testng.Testng3@9f70c54]" name="test7" duration-ms="0" started-at="2022-02-05T12:22:52Z" finished-at="2022-02-05T12:22:52Z">
          <reporter-output>
          </reporter-output>
        </test-method> <!-- test7 -->
      </class> <!-- org.testng.Testng3 -->
      <class name="org.testng.Testng2">
        <test-method status="PASS" signature="test6()[pri:0, instance:org.testng.Testng2@2096442d]" name="test6" duration-ms="0" started-at="2022-02-05T12:22:52Z" finished-at="2022-02-05T12:22:52Z">
          <reporter-output>
          </reporter-output>
        </test-method> <!-- test6 -->
        <test-method status="PASS" signature="test4()[pri:0, instance:org.testng.Testng2@2096442d]" name="test4" duration-ms="0" started-at="2022-02-05T12:22:52Z" finished-at="2022-02-05T12:22:52Z">
          <reporter-output>
          </reporter-output>
        </test-method> <!-- test4 -->
        <test-method status="PASS" signature="test5()[pri:0, instance:org.testng.Testng2@2096442d]" name="test5" duration-ms="0" started-at="2022-02-05T12:22:52Z" finished-at="2022-02-05T12:22:52Z">
          <reporter-output>
          </reporter-output>
        </test-method> <!-- test5 -->
      </class> <!-- org.testng.Testng2 -->
      <class name="org.testng.Testng1">
        <test-method status="PASS" signature="test1()[pri:0, instance:org.testng.Testng1@2c9f9fb0]" name="test1" duration-ms="0" started-at="2022-02-05T12:22:52Z" finished-at="2022-02-05T12:22:52Z">
          <reporter-output>
          </reporter-output>
        </test-method> <!-- test1 -->
        <test-method status="PASS" signature="tc8()[pri:0, instance:org.testng.Testng1@2c9f9fb0]" name="tc8" is-config="true" duration-ms="0" started-at="2022-02-05T12:22:52Z" finished-at="2022-02-05T12:22:52Z">
          <reporter-output>
          </reporter-output>
        </test-method> <!-- tc8 -->
        <test-method status="PASS" signature="tc8()[pri:0, instance:org.testng.Testng1@2c9f9fb0]" name="tc8" is-config="true" duration-ms="0" started-at="2022-02-05T12:22:52Z" finished-at="2022-02-05T12:22:52Z">
          <reporter-output>
          </reporter-output>
        </test-method> <!-- tc8 -->
        <test-method status="PASS" signature="test3()[pri:0, instance:org.testng.Testng1@2c9f9fb0]" name="test3" duration-ms="0" started-at="2022-02-05T12:22:52Z" finished-at="2022-02-05T12:22:52Z">
          <reporter-output>
          </reporter-output>
        </test-method> <!-- test3 -->
        <test-method status="PASS" signature="test2()[pri:0, instance:org.testng.Testng1@2c9f9fb0]" name="test2" duration-ms="0" started-at="2022-02-05T12:22:52Z" finished-at="2022-02-05T12:22:52Z">
          <reporter-output>
          </reporter-output>
        </test-method> <!-- test2 -->
        <test-method status="PASS" signature="tc4()[pri:0, instance:org.testng.Testng1@2c9f9fb0]" name="tc4" is-config="true" duration-ms="0" started-at="2022-02-05T12:22:52Z" finished-at="2022-02-05T12:22:52Z">
          <reporter-output>
          </reporter-output>
        </test-method> <!-- tc4 -->
        <test-method status="PASS" signature="tc4()[pri:0, instance:org.testng.Testng1@2c9f9fb0]" name="tc4" is-config="true" duration-ms="0" started-at="2022-02-05T12:22:52Z" finished-at="2022-02-05T12:22:52Z">
          <reporter-output>
          </reporter-output>
        </test-method> <!-- tc4 -->
        <test-method status="PASS" signature="tc8()[pri:0, instance:org.testng.Testng1@2c9f9fb0]" name="tc8" is-config="true" duration-ms="0" started-at="2022-02-05T12:22:52Z" finished-at="2022-02-05T12:22:52Z">
          <reporter-output>
          </reporter-output>
        </test-method> <!-- tc8 -->
        <test-method status="PASS" signature="tc4()[pri:0, instance:org.testng.Testng1@2c9f9fb0]" name="tc4" is-config="true" duration-ms="0" started-at="2022-02-05T12:22:52Z" finished-at="2022-02-05T12:22:52Z">
          <reporter-output>
          </reporter-output>
        </test-method> <!-- tc4 -->
      </class> <!-- org.testng.Testng1 -->
      <class name="org.testng1.Testng">
        <test-method status="PASS" signature="tc8()[pri:0, instance:org.testng1.Testng@3551a94]" name="tc8" is-config="true" duration-ms="0" started-at="2022-02-05T12:22:52Z" finished-at="2022-02-05T12:22:52Z">
          <reporter-output>
          </reporter-output>
        </test-method> <!-- tc8 -->
        <test-method status="PASS" signature="tc4()[pri:0, instance:org.testng1.Testng@3551a94]" name="tc4" is-config="true" duration-ms="0" started-at="2022-02-05T12:22:52Z" finished-at="2022-02-05T12:22:52Z">
          <reporter-output>
          </reporter-output>
        </test-method> <!-- tc4 -->
        <test-method status="PASS" signature="tc7()[pri:0, instance:org.testng1.Testng@3551a94]" name="tc7" is-config="true" duration-ms="0" started-at="2022-02-05T12:22:52Z" finished-at="2022-02-05T12:22:52Z">
          <reporter-output>
          </reporter-output>
        </test-method> <!-- tc7 -->
        <test-method status="PASS" signature="tc3()[pri:0, instance:org.testng1.Testng@3551a94]" name="tc3" is-config="true" duration-ms="0" started-at="2022-02-05T12:22:52Z" finished-at="2022-02-05T12:22:52Z">
          <reporter-output>
          </reporter-output>
        </test-method> <!-- tc3 -->
        <test-method status="PASS" signature="tc10()[pri:-100, instance:org.testng1.Testng@3551a94]" name="tc10" duration-ms="0" started-at="2022-02-05T12:22:52Z" finished-at="2022-02-05T12:22:52Z">
          <reporter-output>
          </reporter-output>
        </test-method> <!-- tc10 -->
      </class> <!-- org.testng1.Testng -->
      <class name="org.testng.Testing">
        <test-method status="PASS" signature="tc5()[pri:0, instance:org.testng.Testing@5a61f5df]" name="tc5" is-config="true" duration-ms="26" started-at="2022-02-05T12:22:52Z" finished-at="2022-02-05T12:22:52Z">
          <reporter-output>
          </reporter-output>
        </test-method> <!-- tc5 -->
        <test-method status="PASS" signature="tc5()[pri:0, instance:org.testng1.Testng@3551a94]" name="tc5" is-config="true" duration-ms="0" started-at="2022-02-05T12:22:52Z" finished-at="2022-02-05T12:22:52Z">
          <reporter-output>
          </reporter-output>
        </test-method> <!-- tc5 -->
        <test-method status="PASS" signature="tc6()[pri:0, instance:org.testng1.Testng@3551a94]" name="tc6" is-config="true" duration-ms="0" started-at="2022-02-05T12:22:52Z" finished-at="2022-02-05T12:22:52Z">
          <reporter-output>
          </reporter-output>
        </test-method> <!-- tc6 -->
        <test-method status="PASS" signature="tc6()[pri:0, instance:org.testng.Testing@5a61f5df]" name="tc6" is-config="true" duration-ms="0" started-at="2022-02-05T12:22:52Z" finished-at="2022-02-05T12:22:52Z">
          <reporter-output>
          </reporter-output>
        </test-method> <!-- tc6 -->
        <test-method status="PASS" signature="tc4()[pri:0, instance:org.testng.Testing@5a61f5df]" name="tc4" is-config="true" duration-ms="0" started-at="2022-02-05T12:22:52Z" finished-at="2022-02-05T12:22:52Z">
          <reporter-output>
          </reporter-output>
        </test-method> <!-- tc4 -->
        <test-method status="PASS" signature="tc3()[pri:0, instance:org.testng.Testing@5a61f5df]" name="tc3" is-config="true" duration-ms="0" started-at="2022-02-05T12:22:52Z" finished-at="2022-02-05T12:22:52Z">
          <reporter-output>
          </reporter-output>
        </test-method> <!-- tc3 -->
        <test-method status="PASS" signature="tc9()[pri:0, instance:org.testng.Testing@5a61f5df]" name="tc9" duration-ms="0" started-at="2022-02-05T12:22:52Z" finished-at="2022-02-05T12:22:52Z">
          <reporter-output>
          </reporter-output>
        </test-method> <!-- tc9 -->
        <test-method status="PASS" signature="tc4()[pri:0, instance:org.testng.Testing@5a61f5df]" name="tc4" is-config="true" duration-ms="0" started-at="2022-02-05T12:22:52Z" finished-at="2022-02-05T12:22:52Z">
          <reporter-output>
          </reporter-output>
        </test-method> <!-- tc4 -->
        <test-method status="PASS" signature="tc7()[pri:0, instance:org.testng.Testing@5a61f5df]" name="tc7" is-config="true" duration-ms="0" started-at="2022-02-05T12:22:52Z" finished-at="2022-02-05T12:22:52Z">
          <reporter-output>
          </reporter-output>
        </test-method> <!-- tc7 -->
        <test-method status="PASS" signature="tc10()[pri:0, instance:org.testng.Testing@5a61f5df]" name="tc10" duration-ms="0" started-at="2022-02-05T12:22:52Z" finished-at="2022-02-05T12:22:52Z">
          <reporter-output>
          </reporter-output>
        </test-method> <!-- tc10 -->
        <test-method status="PASS" signature="tc8()[pri:0, instance:org.testng.Testing@5a61f5df]" name="tc8" is-config="true" duration-ms="0" started-at="2022-02-05T12:22:52Z" finished-at="2022-02-05T12:22:52Z">
          <reporter-output>
          </reporter-output>
        </test-method> <!-- tc8 -->
        <test-method status="PASS" signature="tc8()[pri:0, instance:org.testng.Testing@5a61f5df]" name="tc8" is-config="true" duration-ms="0" started-at="2022-02-05T12:22:52Z" finished-at="2022-02-05T12:22:52Z">
          <reporter-output>
          </reporter-output>
        </test-method> <!-- tc8 -->
        <test-method status="PASS" signature="tc2()[pri:0, instance:org.testng.Testing@5a61f5df]" name="tc2" is-config="true" duration-ms="1" started-at="2022-02-05T12:23:50Z" finished-at="2022-02-05T12:23:50Z">
          <reporter-output>
          </reporter-output>
        </test-method> <!-- tc2 -->
        <test-method status="PASS" signature="tc2()[pri:0, instance:org.testng1.Testng@3551a94]" name="tc2" is-config="true" duration-ms="0" started-at="2022-02-05T12:23:50Z" finished-at="2022-02-05T12:23:50Z">
          <reporter-output>
          </reporter-output>
        </test-method> <!-- tc2 -->
        <test-method status="PASS" signature="tc1()[pri:0, instance:org.testng1.Testng@3551a94]" name="tc1" is-config="true" duration-ms="0" started-at="2022-02-05T12:23:50Z" finished-at="2022-02-05T12:23:50Z">
          <reporter-output>
          </reporter-output>
        </test-method> <!-- tc1 -->
        <test-method status="PASS" signature="tc1()[pri:0, instance:org.testng.Testing@5a61f5df]" name="tc1" is-config="true" duration-ms="0" started-at="2022-02-05T12:23:50Z" finished-at="2022-02-05T12:23:50Z">
          <reporter-output>
          </reporter-output>
        </test-method> <!-- tc1 -->
      </class> <!-- org.testng.Testing -->
      <class name="org.Rerun.TestngRerun">
        <test-method status="PASS" signature="tc1()[pri:0, instance:org.Rerun.TestngRerun@735b478]" name="tc1" duration-ms="0" started-at="2022-02-05T12:23:30Z" finished-at="2022-02-05T12:23:30Z">
          <reporter-output>
          </reporter-output>
        </test-method> <!-- tc1 -->
        <test-method status="FAIL" signature="tc2()[pri:0, instance:org.Rerun.TestngRerun@735b478]" name="tc2" duration-ms="3" started-at="2022-02-05T12:23:30Z" finished-at="2022-02-05T12:23:30Z">
          <exception class="java.lang.AssertionError">
            <message>
              <![CDATA[expected [true] but found [false]]]>
            </message>
            <full-stacktrace>
              <![CDATA[java.lang.AssertionError: expected [true] but found [false]
at org.testng.Assert.fail(Assert.java:96)
at org.testng.Assert.failNotEquals(Assert.java:776)
at org.testng.Assert.assertTrue(Assert.java:44)
at org.testng.Assert.assertTrue(Assert.java:54)
at org.Rerun.TestngRerun.tc2(TestngRerun.java:14)
at sun.reflect.NativeMethodAccessorImpl.invoke0(Native Method)
at sun.reflect.NativeMethodAccessorImpl.invoke(NativeMethodAccessorImpl.java:62)
at sun.reflect.DelegatingMethodAccessorImpl.invoke(DelegatingMethodAccessorImpl.java:43)
at java.lang.reflect.Method.invoke(Method.java:498)
at org.testng.internal.MethodInvocationHelper.invokeMethod(MethodInvocationHelper.java:124)
at org.testng.internal.Invoker.invokeMethod(Invoker.java:583)
at org.testng.internal.Invoker.invokeTestMethod(Invoker.java:719)
at org.testng.internal.Invoker.invokeTestMethods(Invoker.java:989)
at org.testng.internal.TestMethodWorker.invokeTestMethods(TestMethodWorker.java:125)
at org.testng.internal.TestMethodWorker.run(TestMethodWorker.java:109)
at org.testng.TestRunner.privateRun(TestRunner.java:648)
at org.testng.TestRunner.run(TestRunner.java:505)
at org.testng.SuiteRunner.runTest(SuiteRunner.java:455)
at org.testng.SuiteRunner.runSequentially(SuiteRunner.java:450)
at org.testng.SuiteRunner.privateRun(SuiteRunner.java:415)
at org.testng.SuiteRunner.run(SuiteRunner.java:364)
at org.testng.SuiteRunnerWorker.runSuite(SuiteRunnerWorker.java:52)
at org.testng.SuiteRunnerWorker.run(SuiteRunnerWorker.java:84)
at org.testng.TestNG.runSuitesSequentially(TestNG.java:1208)
at org.testng.TestNG.runSuitesLocally(TestNG.java:1137)
at org.testng.TestNG.runSuites(TestNG.java:1049)
at org.testng.TestNG.run(TestNG.java:1017)
at org.apache.maven.surefire.testng.TestNGExecutor.run(TestNGExecutor.java:77)
at org.apache.maven.surefire.testng.TestNGDirectoryTestSuite.executeMulti(TestNGDirectoryTestSuite.java:159)
at org.apache.maven.surefire.testng.TestNGDirectoryTestSuite.execute(TestNGDirectoryTestSuite.java:99)
at org.apache.maven.surefire.testng.TestNGProvider.invoke(TestNGProvider.java:106)
at sun.reflect.NativeMethodAccessorImpl.invoke0(Native Method)
at sun.reflect.NativeMethodAccessorImpl.invoke(NativeMethodAccessorImpl.java:62)
at sun.reflect.DelegatingMethodAccessorImpl.invoke(DelegatingMethodAccessorImpl.java:43)
at java.lang.reflect.Method.invoke(Method.java:498)
at org.apache.maven.surefire.util.ReflectionUtils.invokeMethodWithArray(ReflectionUtils.java:189)
at org.apache.maven.surefire.booter.ProviderFactory$ProviderProxy.invoke(ProviderFactory.java:165)
at org.apache.maven.surefire.booter.ProviderFactory.invokeProvider(ProviderFactory.java:85)
at org.apache.maven.surefire.booter.ForkedBooter.runSuitesInProcess(ForkedBooter.java:115)
at org.apache.maven.surefire.booter.ForkedBooter.main(ForkedBooter.java:75)
]]>
            </full-stacktrace>
          </exception> <!-- java.lang.AssertionError -->
          <reporter-output>
          </reporter-output>
        </test-method> <!-- tc2 -->
        <test-method status="PASS" signature="tc3()[pri:0, instance:org.Rerun.TestngRerun@735b478]" name="tc3" duration-ms="0" started-at="2022-02-05T12:23:30Z" finished-at="2022-02-05T12:23:30Z">
          <reporter-output>
          </reporter-output>
        </test-method> <!-- tc3 -->
      </class> <!-- org.Rerun.TestngRerun -->
      <class name="org.parallelexecution.Test2">
        <test-method status="PASS" signature="tc1()[pri:0, instance:org.parallelexecution.Test2@52af6cff]" name="tc1" duration-ms="10751" started-at="2022-02-05T12:23:30Z" finished-at="2022-02-05T12:23:41Z">
          <reporter-output>
          </reporter-output>
        </test-method> <!-- tc1 -->
        <test-method status="PASS" signature="tc2()[pri:0, instance:org.parallelexecution.Test2@52af6cff]" name="tc2" duration-ms="9331" started-at="2022-02-05T12:23:41Z" finished-at="2022-02-05T12:23:50Z">
          <reporter-output>
          </reporter-output>
        </test-method> <!-- tc2 -->
      </class> <!-- org.parallelexecution.Test2 -->
      <class name="org.parallelexecution.Test1">
        <test-method status="PASS" signature="tc1()[pri:0, instance:org.parallelexecution.Test1@531be3c5]" name="tc1" duration-ms="30254" started-at="2022-02-05T12:22:52Z" finished-at="2022-02-05T12:23:22Z">
          <reporter-output>
          </reporter-output>
        </test-method> <!-- tc1 -->
        <test-method status="PASS" signature="tc2()[pri:0, instance:org.parallelexecution.Test1@531be3c5]" name="tc2" duration-ms="8270" started-at="2022-02-05T12:23:22Z" finished-at="2022-02-05T12:23:30Z">
          <reporter-output>
          </reporter-output>
        </test-method> <!-- tc2 -->
      </class> <!-- org.parallelexecution.Test1 -->
    </test> <!-- Command line test -->
  </suite> <!-- Command line suite -->
</testng-results>
